VirtualBox GUI VM Selector Window 4.3.10_Ubuntu r93012 linux.amd64 (Apr  7 2014 03:37:47) release log
00:00:01.994526 Log opened 2014-09-01T08:18:36.655909000Z
00:00:01.994531 Build Type: release
00:00:01.994538 OS Product: Linux
00:00:01.994542 OS Release: 3.13.0-24-generic
00:00:01.994546 OS Version: #46-Ubuntu SMP Thu Apr 10 19:11:08 UTC 2014
00:00:01.994601 DMI Product Name: HP ProBook 4535s
00:00:01.994627 DMI Product Version: A0001D02
00:00:01.994823 Host RAM: 3417MB total, 3077MB available
00:00:01.994833 Executable: /usr/lib/virtualbox/VirtualBox
00:00:01.994836 Process ID: 2529
00:00:01.994838 Package type: LINUX_64BITS_GENERIC (OSE)
00:00:02.046689 UIMediumEnumerator: Medium-enumeration started...
00:00:02.634614 UIMediumEnumerator: Medium-enumeration finished!
00:00:14.140336 2D support test succeeded
00:00:14.158353 UIMediumEnumerator: Medium-enumeration started...
00:00:14.357543 UIMediumEnumerator: Medium-enumeration finished!
00:00:36.991908 UIMediumEnumerator: Machine (or snapshot) event received, ID = 8291fddb-1733-4973-abd2-d47ba6c42030
00:00:36.992018 UIMediumEnumerator:  Old usage: 1aef285d-1a9a-4d4b-9143-aebb259ca698, 6f6a0af7-7ef5-4cc5-8f2a-1b5d446d3589
00:00:36.994932 UIMediumEnumerator:  New usage: 1aef285d-1a9a-4d4b-9143-aebb259ca698, 6f6a0af7-7ef5-4cc5-8f2a-1b5d446d3589
00:00:36.994982 UIMediumEnumerator: Machine (or snapshot) event processed, ID = 8291fddb-1733-4973-abd2-d47ba6c42030
00:01:08.470766 ERROR [COM]: aRC=NS_ERROR_UNEXPECTED (0x8000ffff) aIID={12f4dcdb-12b2-4ec1-b7cd-ddd9f6c5bf4d} aComponent={Session} aText={The session is not locked (session state: Unlocked)}, preserve=false
00:01:16.383384 UIMediumEnumerator: Medium-enumeration started...
00:01:16.527968 UIMediumEnumerator: Medium-enumeration finished!
00:01:39.827937 UIMediumEnumerator: Machine (or snapshot) event received, ID = 8291fddb-1733-4973-abd2-d47ba6c42030
00:01:39.828043 UIMediumEnumerator:  Old usage: 1aef285d-1a9a-4d4b-9143-aebb259ca698, 6f6a0af7-7ef5-4cc5-8f2a-1b5d446d3589
00:01:39.833764 UIMediumEnumerator:  New usage: 1aef285d-1a9a-4d4b-9143-aebb259ca698, 6f6a0af7-7ef5-4cc5-8f2a-1b5d446d3589
00:01:39.833828 UIMediumEnumerator: Machine (or snapshot) event processed, ID = 8291fddb-1733-4973-abd2-d47ba6c42030
00:01:39.942752 UIMediumEnumerator: Machine (or snapshot) event received, ID = 8291fddb-1733-4973-abd2-d47ba6c42030
00:01:39.942823 UIMediumEnumerator:  Old usage: 1aef285d-1a9a-4d4b-9143-aebb259ca698, 6f6a0af7-7ef5-4cc5-8f2a-1b5d446d3589
00:01:39.946293 UIMediumEnumerator:  New usage: 1aef285d-1a9a-4d4b-9143-aebb259ca698, 6f6a0af7-7ef5-4cc5-8f2a-1b5d446d3589
00:01:39.946379 UIMediumEnumerator: Machine (or snapshot) event processed, ID = 8291fddb-1733-4973-abd2-d47ba6c42030
00:01:39.954895 UIMediumEnumerator: Machine (or snapshot) event received, ID = 8291fddb-1733-4973-abd2-d47ba6c42030
00:01:39.954963 UIMediumEnumerator:  Old usage: 1aef285d-1a9a-4d4b-9143-aebb259ca698, 6f6a0af7-7ef5-4cc5-8f2a-1b5d446d3589
00:01:39.957226 UIMediumEnumerator:  New usage: 1aef285d-1a9a-4d4b-9143-aebb259ca698, 6f6a0af7-7ef5-4cc5-8f2a-1b5d446d3589
00:01:39.957258 UIMediumEnumerator: Machine (or snapshot) event processed, ID = 8291fddb-1733-4973-abd2-d47ba6c42030
00:01:40.058598 UIMediumEnumerator: Machine (or snapshot) event received, ID = 8291fddb-1733-4973-abd2-d47ba6c42030
00:01:40.058668 UIMediumEnumerator:  Old usage: 1aef285d-1a9a-4d4b-9143-aebb259ca698, 6f6a0af7-7ef5-4cc5-8f2a-1b5d446d3589
00:01:40.062343 UIMediumEnumerator:  New usage: 1aef285d-1a9a-4d4b-9143-aebb259ca698, 6f6a0af7-7ef5-4cc5-8f2a-1b5d446d3589
00:01:40.062415 UIMediumEnumerator: Machine (or snapshot) event processed, ID = 8291fddb-1733-4973-abd2-d47ba6c42030
00:03:41.156678 UIMediumEnumerator: Machine (or snapshot) event received, ID = 8291fddb-1733-4973-abd2-d47ba6c42030
00:03:41.156753 UIMediumEnumerator:  Old usage: 1aef285d-1a9a-4d4b-9143-aebb259ca698, 6f6a0af7-7ef5-4cc5-8f2a-1b5d446d3589
00:03:41.159320 UIMediumEnumerator:  New usage: 1aef285d-1a9a-4d4b-9143-aebb259ca698, 6f6a0af7-7ef5-4cc5-8f2a-1b5d446d3589
00:03:41.159354 UIMediumEnumerator: Machine (or snapshot) event processed, ID = 8291fddb-1733-4973-abd2-d47ba6c42030
00:03:42.321487 UIMediumEnumerator: Machine (or snapshot) event received, ID = 8291fddb-1733-4973-abd2-d47ba6c42030
00:03:42.321553 UIMediumEnumerator:  Old usage: 1aef285d-1a9a-4d4b-9143-aebb259ca698, 6f6a0af7-7ef5-4cc5-8f2a-1b5d446d3589
00:03:42.327530 UIMediumEnumerator:  New usage: 1aef285d-1a9a-4d4b-9143-aebb259ca698, 6f6a0af7-7ef5-4cc5-8f2a-1b5d446d3589
00:03:42.327565 UIMediumEnumerator: Machine (or snapshot) event processed, ID = 8291fddb-1733-4973-abd2-d47ba6c42030
00:03:42.671874 UIMediumEnumerator: Machine (or snapshot) event received, ID = 8291fddb-1733-4973-abd2-d47ba6c42030
00:03:42.671987 UIMediumEnumerator:  Old usage: 1aef285d-1a9a-4d4b-9143-aebb259ca698, 6f6a0af7-7ef5-4cc5-8f2a-1b5d446d3589
00:03:42.677294 UIMediumEnumerator:  New usage: 1aef285d-1a9a-4d4b-9143-aebb259ca698, 6f6a0af7-7ef5-4cc5-8f2a-1b5d446d3589
00:03:42.677328 UIMediumEnumerator: Machine (or snapshot) event processed, ID = 8291fddb-1733-4973-abd2-d47ba6c42030
00:03:42.762073 UIMediumEnumerator: Machine (or snapshot) event received, ID = 8291fddb-1733-4973-abd2-d47ba6c42030
00:03:42.762142 UIMediumEnumerator:  Old usage: 1aef285d-1a9a-4d4b-9143-aebb259ca698, 6f6a0af7-7ef5-4cc5-8f2a-1b5d446d3589
00:03:42.767789 UIMediumEnumerator:  New usage: 1aef285d-1a9a-4d4b-9143-aebb259ca698, 6f6a0af7-7ef5-4cc5-8f2a-1b5d446d3589
00:03:42.767819 UIMediumEnumerator: Machine (or snapshot) event processed, ID = 8291fddb-1733-4973-abd2-d47ba6c42030
00:03:44.711936 UIMediumEnumerator: Medium-enumeration started...
00:03:45.997087 UIMediumEnumerator: Medium-enumeration finished!
00:04:18.428028 UIMediumEnumerator: Medium-enumeration started...
00:04:18.573666 UIMediumEnumerator: Medium-enumeration finished!
00:11:50.370387 UIMediumEnumerator: Machine (or snapshot) event received, ID = 8291fddb-1733-4973-abd2-d47ba6c42030
00:11:50.370466 UIMediumEnumerator:  Old usage: 1aef285d-1a9a-4d4b-9143-aebb259ca698, 6f6a0af7-7ef5-4cc5-8f2a-1b5d446d3589
00:11:50.378396 UIMediumEnumerator:  New usage: 1aef285d-1a9a-4d4b-9143-aebb259ca698, 6f6a0af7-7ef5-4cc5-8f2a-1b5d446d3589
00:11:50.378445 UIMediumEnumerator: Machine (or snapshot) event processed, ID = 8291fddb-1733-4973-abd2-d47ba6c42030
00:11:50.502594 UIMediumEnumerator: Machine (or snapshot) event received, ID = 8291fddb-1733-4973-abd2-d47ba6c42030
00:11:50.502760 UIMediumEnumerator:  Old usage: 1aef285d-1a9a-4d4b-9143-aebb259ca698, 6f6a0af7-7ef5-4cc5-8f2a-1b5d446d3589
00:11:50.515312 UIMediumEnumerator:  New usage: 1aef285d-1a9a-4d4b-9143-aebb259ca698, 6f6a0af7-7ef5-4cc5-8f2a-1b5d446d3589
00:11:50.515362 UIMediumEnumerator: Machine (or snapshot) event processed, ID = 8291fddb-1733-4973-abd2-d47ba6c42030
